<?xml version="1.0" encoding="UTF-8"?>
<testsuite xmlns:xsi="http://www.w3.org/2001/XMLSchema-instance" xsi:noNamespaceSchemaLocation="https://maven.apache.org/surefire/maven-surefire-plugin/xsd/surefire-test-report-3.0.xsd" version="3.0" name="com.wipro.witaas.Goibibo.RunCucumberTest" time="30.471" tests="1" errors="0" skipped="0" failures="1">
  <properties>
    <property name="gopherProxySet" value="false"/>
    <property name="awt.toolkit" value="sun.lwawt.macosx.LWCToolkit"/>
    <property name="file.encoding.pkg" value="sun.io"/>
    <property name="java.specification.version" value="1.8"/>
    <property name="webdriver.chrome.driver" value="//Users//samgladson//Thoughtworks//openbank//Selenium//chromedriver"/>
    <property name="sun.cpu.isalist" value=""/>
    <property name="sun.jnu.encoding" value="UTF-8"/>
    <property name="java.class.path" value="/Users/samgladson/Downloads/CucumberFramework/target/test-classes:/Users/samgladson/Downloads/CucumberFramework/target/classes:/Users/samgladson/.m2/repository/org/seleniumhq/selenium/selenium-java/3.141.59/selenium-java-3.141.59.jar:/Users/samgladson/.m2/repository/org/seleniumhq/selenium/selenium-api/3.141.59/selenium-api-3.141.59.jar:/Users/samgladson/.m2/repository/org/seleniumhq/selenium/selenium-chrome-driver/3.141.59/selenium-chrome-driver-3.141.59.jar:/Users/samgladson/.m2/repository/org/seleniumhq/selenium/selenium-edge-driver/3.141.59/selenium-edge-driver-3.141.59.jar:/Users/samgladson/.m2/repository/org/seleniumhq/selenium/selenium-firefox-driver/3.141.59/selenium-firefox-driver-3.141.59.jar:/Users/samgladson/.m2/repository/org/seleniumhq/selenium/selenium-ie-driver/3.141.59/selenium-ie-driver-3.141.59.jar:/Users/samgladson/.m2/repository/org/seleniumhq/selenium/selenium-opera-driver/3.141.59/selenium-opera-driver-3.141.59.jar:/Users/samgladson/.m2/repository/org/seleniumhq/selenium/selenium-remote-driver/3.141.59/selenium-remote-driver-3.141.59.jar:/Users/samgladson/.m2/repository/org/seleniumhq/selenium/selenium-safari-driver/3.141.59/selenium-safari-driver-3.141.59.jar:/Users/samgladson/.m2/repository/org/seleniumhq/selenium/selenium-support/3.141.59/selenium-support-3.141.59.jar:/Users/samgladson/.m2/repository/net/bytebuddy/byte-buddy/1.8.15/byte-buddy-1.8.15.jar:/Users/samgladson/.m2/repository/org/apache/commons/commons-exec/1.3/commons-exec-1.3.jar:/Users/samgladson/.m2/repository/com/google/guava/guava/25.0-jre/guava-25.0-jre.jar:/Users/samgladson/.m2/repository/com/google/code/findbugs/jsr305/1.3.9/jsr305-1.3.9.jar:/Users/samgladson/.m2/repository/org/checkerframework/checker-compat-qual/2.0.0/checker-compat-qual-2.0.0.jar:/Users/samgladson/.m2/repository/com/google/errorprone/error_prone_annotations/2.1.3/error_prone_annotations-2.1.3.jar:/Users/samgladson/.m2/repository/com/google/j2objc/j2objc-annotations/1.1/j2objc-annotations-1.1.jar:/Users/samgladson/.m2/repository/org/codehaus/mojo/animal-sniffer-annotations/1.14/animal-sniffer-annotations-1.14.jar:/Users/samgladson/.m2/repository/com/squareup/okhttp3/okhttp/3.11.0/okhttp-3.11.0.jar:/Users/samgladson/.m2/repository/com/squareup/okio/okio/1.14.0/okio-1.14.0.jar:/Users/samgladson/.m2/repository/junit/junit/4.13/junit-4.13.jar:/Users/samgladson/.m2/repository/org/hamcrest/hamcrest-core/1.3/hamcrest-core-1.3.jar:/Users/samgladson/.m2/repository/io/cucumber/cucumber-java/6.2.1/cucumber-java-6.2.1.jar:/Users/samgladson/.m2/repository/io/cucumber/cucumber-core/6.2.1/cucumber-core-6.2.1.jar:/Users/samgladson/.m2/repository/io/cucumber/cucumber-gherkin/6.2.1/cucumber-gherkin-6.2.1.jar:/Users/samgladson/.m2/repository/io/cucumber/cucumber-gherkin-messages/6.2.1/cucumber-gherkin-messages-6.2.1.jar:/Users/samgladson/.m2/repository/io/cucumber/messages/12.2.0/messages-12.2.0.jar:/Users/samgladson/.m2/repository/io/cucumber/tag-expressions/3.0.0/tag-expressions-3.0.0.jar:/Users/samgladson/.m2/repository/io/cucumber/cucumber-expressions/10.2.1/cucumber-expressions-10.2.1.jar:/Users/samgladson/.m2/repository/io/cucumber/datatable/3.3.1/datatable-3.3.1.jar:/Users/samgladson/.m2/repository/io/cucumber/cucumber-plugin/6.2.1/cucumber-plugin-6.2.1.jar:/Users/samgladson/.m2/repository/io/cucumber/docstring/6.2.1/docstring-6.2.1.jar:/Users/samgladson/.m2/repository/io/cucumber/html-formatter/7.0.0/html-formatter-7.0.0.jar:/Users/samgladson/.m2/repository/org/apiguardian/apiguardian-api/1.1.0/apiguardian-api-1.1.0.jar:/Users/samgladson/.m2/repository/io/cucumber/cucumber-junit/6.2.1/cucumber-junit-6.2.1.jar:/Users/samgladson/.m2/repository/com/aventstack/extentreports/4.1.7/extentreports-4.1.7.jar:/Users/samgladson/.m2/repository/org/freemarker/freemarker/2.3.29/freemarker-2.3.29.jar:/Users/samgladson/.m2/repository/org/apache/httpcomponents/httpclient/4.5.2/httpclient-4.5.2.jar:/Users/samgladson/.m2/repository/org/apache/httpcomponents/httpcore/4.4.4/httpcore-4.4.4.jar:/Users/samgladson/.m2/repository/commons-logging/commons-logging/1.2/commons-logging-1.2.jar:/Users/samgladson/.m2/repository/commons-codec/commons-codec/1.9/commons-codec-1.9.jar:/Users/samgladson/.m2/repository/org/apache/httpcomponents/httpmime/4.5.2/httpmime-4.5.2.jar:/Users/samgladson/.m2/repository/com/google/code/gson/gson/2.8.6/gson-2.8.6.jar:/Users/samgladson/.m2/repository/org/mongodb/mongodb-driver/3.12.0/mongodb-driver-3.12.0.jar:/Users/samgladson/.m2/repository/org/mongodb/mongodb-driver-core/3.12.0/mongodb-driver-core-3.12.0.jar:/Users/samgladson/.m2/repository/org/mongodb/bson/3.12.0/bson-3.12.0.jar:/Users/samgladson/.m2/repository/org/slf4j/slf4j-api/1.7.5/slf4j-api-1.7.5.jar:/Users/samgladson/.m2/repository/org/slf4j/slf4j-simple/1.6.4/slf4j-simple-1.6.4.jar:/Users/samgladson/.m2/repository/org/apache/logging/log4j/log4j-core/2.13.3/log4j-core-2.13.3.jar:/Users/samgladson/.m2/repository/org/apache/logging/log4j/log4j-api/2.13.3/log4j-api-2.13.3.jar:/Users/samgladson/.m2/repository/io/github/bonigarcia/webdrivermanager/4.1.0/webdrivermanager-4.1.0.jar:/Users/samgladson/.m2/repository/commons-io/commons-io/2.7/commons-io-2.7.jar:/Users/samgladson/.m2/repository/org/apache/commons/commons-lang3/3.10/commons-lang3-3.10.jar:/Users/samgladson/.m2/repository/org/apache/httpcomponents/client5/httpclient5/5.0.1/httpclient5-5.0.1.jar:/Users/samgladson/.m2/repository/org/apache/httpcomponents/core5/httpcore5/5.0.1/httpcore5-5.0.1.jar:/Users/samgladson/.m2/repository/org/apache/httpcomponents/core5/httpcore5-h2/5.0.1/httpcore5-h2-5.0.1.jar:/Users/samgladson/.m2/repository/org/rauschig/jarchivelib/1.0.0/jarchivelib-1.0.0.jar:/Users/samgladson/.m2/repository/org/jsoup/jsoup/1.13.1/jsoup-1.13.1.jar:/Users/samgladson/.m2/repository/io/qameta/allure/allure-cucumber4-jvm/2.13.5/allure-cucumber4-jvm-2.13.5.jar:/Users/samgladson/.m2/repository/io/qameta/allure/allure-java-commons/2.13.5/allure-java-commons-2.13.5.jar:/Users/samgladson/.m2/repository/io/qameta/allure/allure-model/2.13.5/allure-model-2.13.5.jar:/Users/samgladson/.m2/repository/com/fasterxml/jackson/core/jackson-databind/2.9.8/jackson-databind-2.9.8.jar:/Users/samgladson/.m2/repository/com/fasterxml/jackson/core/jackson-annotations/2.9.0/jackson-annotations-2.9.0.jar:/Users/samgladson/.m2/repository/com/fasterxml/jackson/core/jackson-core/2.9.8/jackson-core-2.9.8.jar:/Users/samgladson/.m2/repository/org/apache/tika/tika-core/1.20/tika-core-1.20.jar:/Users/samgladson/.m2/repository/org/jooq/joor-java-8/0.9.10/joor-java-8-0.9.10.jar:/Users/samgladson/.m2/repository/io/qameta/allure/allure-junit4/2.13.5/allure-junit4-2.13.5.jar:/Users/samgladson/.m2/repository/org/testcontainers/postgresql/1.14.3/postgresql-1.14.3.jar:/Users/samgladson/.m2/repository/org/testcontainers/jdbc/1.14.3/jdbc-1.14.3.jar:/Users/samgladson/.m2/repository/org/testcontainers/database-commons/1.14.3/database-commons-1.14.3.jar:/Users/samgladson/.m2/repository/org/testcontainers/junit-jupiter/1.14.3/junit-jupiter-1.14.3.jar:/Users/samgladson/.m2/repository/org/junit/jupiter/junit-jupiter-api/5.6.2/junit-jupiter-api-5.6.2.jar:/Users/samgladson/.m2/repository/org/opentest4j/opentest4j/1.2.0/opentest4j-1.2.0.jar:/Users/samgladson/.m2/repository/org/junit/platform/junit-platform-commons/1.6.2/junit-platform-commons-1.6.2.jar:/Users/samgladson/.m2/repository/org/testcontainers/testcontainers/1.14.3/testcontainers-1.14.3.jar:/Users/samgladson/.m2/repository/org/jetbrains/annotations/19.0.0/annotations-19.0.0.jar:/Users/samgladson/.m2/repository/org/apache/commons/commons-compress/1.20/commons-compress-1.20.jar:/Users/samgladson/.m2/repository/org/rnorth/duct-tape/duct-tape/1.0.8/duct-tape-1.0.8.jar:/Users/samgladson/.m2/repository/org/rnorth/visible-assertions/visible-assertions/2.1.2/visible-assertions-2.1.2.jar:/Users/samgladson/.m2/repository/org/rnorth/tcp-unix-socket-proxy/1.0.2/tcp-unix-socket-proxy-1.0.2.jar:/Users/samgladson/.m2/repository/com/kohlschutter/junixsocket/junixsocket-native-common/2.0.4/junixsocket-native-common-2.0.4.jar:/Users/samgladson/.m2/repository/org/scijava/native-lib-loader/2.0.2/native-lib-loader-2.0.2.jar:/Users/samgladson/.m2/repository/com/kohlschutter/junixsocket/junixsocket-common/2.0.4/junixsocket-common-2.0.4.jar:/Users/samgladson/.m2/repository/net/java/dev/jna/jna-platform/5.5.0/jna-platform-5.5.0.jar:/Users/samgladson/.m2/repository/net/java/dev/jna/jna/5.5.0/jna-5.5.0.jar:"/>
    <property name="java.vm.vendor" value="AdoptOpenJDK"/>
    <property name="sun.arch.data.model" value="64"/>
    <property name="java.vendor.url" value="http://java.oracle.com/"/>
    <property name="user.timezone" value="Asia/Kolkata"/>
    <property name="user.country.format" value="IN"/>
    <property name="java.vm.specification.version" value="1.8"/>
    <property name="os.name" value="Mac OS X"/>
    <property name="user.country" value="GB"/>
    <property name="sun.java.launcher" value="SUN_STANDARD"/>
    <property name="sun.boot.library.path" value="/Library/Java/JavaVirtualMachines/adoptopenjdk-8.jdk/Contents/Home/jre/lib"/>
    <property name="sun.java.command" value="/Users/samgladson/Downloads/CucumberFramework/target/surefire/surefirebooter5130001011365239768.jar /Users/samgladson/Downloads/CucumberFramework/target/surefire 2020-08-26T07-46-47_929-jvmRun1 surefire4973430135156091801tmp surefire_08970769570476830131tmp"/>
    <property name="http.nonProxyHosts" value="local|*.local|169.254/16|*.169.254/16"/>
    <property name="surefire.test.class.path" value="/Users/samgladson/Downloads/CucumberFramework/target/test-classes:/Users/samgladson/Downloads/CucumberFramework/target/classes:/Users/samgladson/.m2/repository/org/seleniumhq/selenium/selenium-java/3.141.59/selenium-java-3.141.59.jar:/Users/samgladson/.m2/repository/org/seleniumhq/selenium/selenium-api/3.141.59/selenium-api-3.141.59.jar:/Users/samgladson/.m2/repository/org/seleniumhq/selenium/selenium-chrome-driver/3.141.59/selenium-chrome-driver-3.141.59.jar:/Users/samgladson/.m2/repository/org/seleniumhq/selenium/selenium-edge-driver/3.141.59/selenium-edge-driver-3.141.59.jar:/Users/samgladson/.m2/repository/org/seleniumhq/selenium/selenium-firefox-driver/3.141.59/selenium-firefox-driver-3.141.59.jar:/Users/samgladson/.m2/repository/org/seleniumhq/selenium/selenium-ie-driver/3.141.59/selenium-ie-driver-3.141.59.jar:/Users/samgladson/.m2/repository/org/seleniumhq/selenium/selenium-opera-driver/3.141.59/selenium-opera-driver-3.141.59.jar:/Users/samgladson/.m2/repository/org/seleniumhq/selenium/selenium-remote-driver/3.141.59/selenium-remote-driver-3.141.59.jar:/Users/samgladson/.m2/repository/org/seleniumhq/selenium/selenium-safari-driver/3.141.59/selenium-safari-driver-3.141.59.jar:/Users/samgladson/.m2/repository/org/seleniumhq/selenium/selenium-support/3.141.59/selenium-support-3.141.59.jar:/Users/samgladson/.m2/repository/net/bytebuddy/byte-buddy/1.8.15/byte-buddy-1.8.15.jar:/Users/samgladson/.m2/repository/org/apache/commons/commons-exec/1.3/commons-exec-1.3.jar:/Users/samgladson/.m2/repository/com/google/guava/guava/25.0-jre/guava-25.0-jre.jar:/Users/samgladson/.m2/repository/com/google/code/findbugs/jsr305/1.3.9/jsr305-1.3.9.jar:/Users/samgladson/.m2/repository/org/checkerframework/checker-compat-qual/2.0.0/checker-compat-qual-2.0.0.jar:/Users/samgladson/.m2/repository/com/google/errorprone/error_prone_annotations/2.1.3/error_prone_annotations-2.1.3.jar:/Users/samgladson/.m2/repository/com/google/j2objc/j2objc-annotations/1.1/j2objc-annotations-1.1.jar:/Users/samgladson/.m2/repository/org/codehaus/mojo/animal-sniffer-annotations/1.14/animal-sniffer-annotations-1.14.jar:/Users/samgladson/.m2/repository/com/squareup/okhttp3/okhttp/3.11.0/okhttp-3.11.0.jar:/Users/samgladson/.m2/repository/com/squareup/okio/okio/1.14.0/okio-1.14.0.jar:/Users/samgladson/.m2/repository/junit/junit/4.13/junit-4.13.jar:/Users/samgladson/.m2/repository/org/hamcrest/hamcrest-core/1.3/hamcrest-core-1.3.jar:/Users/samgladson/.m2/repository/io/cucumber/cucumber-java/6.2.1/cucumber-java-6.2.1.jar:/Users/samgladson/.m2/repository/io/cucumber/cucumber-core/6.2.1/cucumber-core-6.2.1.jar:/Users/samgladson/.m2/repository/io/cucumber/cucumber-gherkin/6.2.1/cucumber-gherkin-6.2.1.jar:/Users/samgladson/.m2/repository/io/cucumber/cucumber-gherkin-messages/6.2.1/cucumber-gherkin-messages-6.2.1.jar:/Users/samgladson/.m2/repository/io/cucumber/messages/12.2.0/messages-12.2.0.jar:/Users/samgladson/.m2/repository/io/cucumber/tag-expressions/3.0.0/tag-expressions-3.0.0.jar:/Users/samgladson/.m2/repository/io/cucumber/cucumber-expressions/10.2.1/cucumber-expressions-10.2.1.jar:/Users/samgladson/.m2/repository/io/cucumber/datatable/3.3.1/datatable-3.3.1.jar:/Users/samgladson/.m2/repository/io/cucumber/cucumber-plugin/6.2.1/cucumber-plugin-6.2.1.jar:/Users/samgladson/.m2/repository/io/cucumber/docstring/6.2.1/docstring-6.2.1.jar:/Users/samgladson/.m2/repository/io/cucumber/html-formatter/7.0.0/html-formatter-7.0.0.jar:/Users/samgladson/.m2/repository/org/apiguardian/apiguardian-api/1.1.0/apiguardian-api-1.1.0.jar:/Users/samgladson/.m2/repository/io/cucumber/cucumber-junit/6.2.1/cucumber-junit-6.2.1.jar:/Users/samgladson/.m2/repository/com/aventstack/extentreports/4.1.7/extentreports-4.1.7.jar:/Users/samgladson/.m2/repository/org/freemarker/freemarker/2.3.29/freemarker-2.3.29.jar:/Users/samgladson/.m2/repository/org/apache/httpcomponents/httpclient/4.5.2/httpclient-4.5.2.jar:/Users/samgladson/.m2/repository/org/apache/httpcomponents/httpcore/4.4.4/httpcore-4.4.4.jar:/Users/samgladson/.m2/repository/commons-logging/commons-logging/1.2/commons-logging-1.2.jar:/Users/samgladson/.m2/repository/commons-codec/commons-codec/1.9/commons-codec-1.9.jar:/Users/samgladson/.m2/repository/org/apache/httpcomponents/httpmime/4.5.2/httpmime-4.5.2.jar:/Users/samgladson/.m2/repository/com/google/code/gson/gson/2.8.6/gson-2.8.6.jar:/Users/samgladson/.m2/repository/org/mongodb/mongodb-driver/3.12.0/mongodb-driver-3.12.0.jar:/Users/samgladson/.m2/repository/org/mongodb/mongodb-driver-core/3.12.0/mongodb-driver-core-3.12.0.jar:/Users/samgladson/.m2/repository/org/mongodb/bson/3.12.0/bson-3.12.0.jar:/Users/samgladson/.m2/repository/org/slf4j/slf4j-api/1.7.5/slf4j-api-1.7.5.jar:/Users/samgladson/.m2/repository/org/slf4j/slf4j-simple/1.6.4/slf4j-simple-1.6.4.jar:/Users/samgladson/.m2/repository/org/apache/logging/log4j/log4j-core/2.13.3/log4j-core-2.13.3.jar:/Users/samgladson/.m2/repository/org/apache/logging/log4j/log4j-api/2.13.3/log4j-api-2.13.3.jar:/Users/samgladson/.m2/repository/io/github/bonigarcia/webdrivermanager/4.1.0/webdrivermanager-4.1.0.jar:/Users/samgladson/.m2/repository/commons-io/commons-io/2.7/commons-io-2.7.jar:/Users/samgladson/.m2/repository/org/apache/commons/commons-lang3/3.10/commons-lang3-3.10.jar:/Users/samgladson/.m2/repository/org/apache/httpcomponents/client5/httpclient5/5.0.1/httpclient5-5.0.1.jar:/Users/samgladson/.m2/repository/org/apache/httpcomponents/core5/httpcore5/5.0.1/httpcore5-5.0.1.jar:/Users/samgladson/.m2/repository/org/apache/httpcomponents/core5/httpcore5-h2/5.0.1/httpcore5-h2-5.0.1.jar:/Users/samgladson/.m2/repository/org/rauschig/jarchivelib/1.0.0/jarchivelib-1.0.0.jar:/Users/samgladson/.m2/repository/org/jsoup/jsoup/1.13.1/jsoup-1.13.1.jar:/Users/samgladson/.m2/repository/io/qameta/allure/allure-cucumber4-jvm/2.13.5/allure-cucumber4-jvm-2.13.5.jar:/Users/samgladson/.m2/repository/io/qameta/allure/allure-java-commons/2.13.5/allure-java-commons-2.13.5.jar:/Users/samgladson/.m2/repository/io/qameta/allure/allure-model/2.13.5/allure-model-2.13.5.jar:/Users/samgladson/.m2/repository/com/fasterxml/jackson/core/jackson-databind/2.9.8/jackson-databind-2.9.8.jar:/Users/samgladson/.m2/repository/com/fasterxml/jackson/core/jackson-annotations/2.9.0/jackson-annotations-2.9.0.jar:/Users/samgladson/.m2/repository/com/fasterxml/jackson/core/jackson-core/2.9.8/jackson-core-2.9.8.jar:/Users/samgladson/.m2/repository/org/apache/tika/tika-core/1.20/tika-core-1.20.jar:/Users/samgladson/.m2/repository/org/jooq/joor-java-8/0.9.10/joor-java-8-0.9.10.jar:/Users/samgladson/.m2/repository/io/qameta/allure/allure-junit4/2.13.5/allure-junit4-2.13.5.jar:/Users/samgladson/.m2/repository/org/testcontainers/postgresql/1.14.3/postgresql-1.14.3.jar:/Users/samgladson/.m2/repository/org/testcontainers/jdbc/1.14.3/jdbc-1.14.3.jar:/Users/samgladson/.m2/repository/org/testcontainers/database-commons/1.14.3/database-commons-1.14.3.jar:/Users/samgladson/.m2/repository/org/testcontainers/junit-jupiter/1.14.3/junit-jupiter-1.14.3.jar:/Users/samgladson/.m2/repository/org/junit/jupiter/junit-jupiter-api/5.6.2/junit-jupiter-api-5.6.2.jar:/Users/samgladson/.m2/repository/org/opentest4j/opentest4j/1.2.0/opentest4j-1.2.0.jar:/Users/samgladson/.m2/repository/org/junit/platform/junit-platform-commons/1.6.2/junit-platform-commons-1.6.2.jar:/Users/samgladson/.m2/repository/org/testcontainers/testcontainers/1.14.3/testcontainers-1.14.3.jar:/Users/samgladson/.m2/repository/org/jetbrains/annotations/19.0.0/annotations-19.0.0.jar:/Users/samgladson/.m2/repository/org/apache/commons/commons-compress/1.20/commons-compress-1.20.jar:/Users/samgladson/.m2/repository/org/rnorth/duct-tape/duct-tape/1.0.8/duct-tape-1.0.8.jar:/Users/samgladson/.m2/repository/org/rnorth/visible-assertions/visible-assertions/2.1.2/visible-assertions-2.1.2.jar:/Users/samgladson/.m2/repository/org/rnorth/tcp-unix-socket-proxy/1.0.2/tcp-unix-socket-proxy-1.0.2.jar:/Users/samgladson/.m2/repository/com/kohlschutter/junixsocket/junixsocket-native-common/2.0.4/junixsocket-native-common-2.0.4.jar:/Users/samgladson/.m2/repository/org/scijava/native-lib-loader/2.0.2/native-lib-loader-2.0.2.jar:/Users/samgladson/.m2/repository/com/kohlschutter/junixsocket/junixsocket-common/2.0.4/junixsocket-common-2.0.4.jar:/Users/samgladson/.m2/repository/net/java/dev/jna/jna-platform/5.5.0/jna-platform-5.5.0.jar:/Users/samgladson/.m2/repository/net/java/dev/jna/jna/5.5.0/jna-5.5.0.jar:"/>
    <property name="sun.cpu.endian" value="little"/>
    <property name="user.home" value="/Users/samgladson"/>
    <property name="user.language" value="en"/>
    <property name="java.specification.vendor" value="Oracle Corporation"/>
    <property name="java.home" value="/Library/Java/JavaVirtualMachines/adoptopenjdk-8.jdk/Contents/Home/jre"/>
    <property name="basedir" value="/Users/samgladson/Downloads/CucumberFramework"/>
    <property name="file.separator" value="/"/>
    <property name="line.separator" value="&#10;"/>
    <property name="java.vm.specification.vendor" value="Oracle Corporation"/>
    <property name="java.specification.name" value="Java Platform API Specification"/>
    <property name="java.awt.graphicsenv" value="sun.awt.CGraphicsEnvironment"/>
    <property name="surefire.real.class.path" value="/Users/samgladson/Downloads/CucumberFramework/target/surefire/surefirebooter5130001011365239768.jar:/Users/samgladson/.m2/repository/org/aspectj/aspectjweaver/1.9.6/aspectjweaver-1.9.6.jar"/>
    <property name="sun.boot.class.path" value="/Library/Java/JavaVirtualMachines/adoptopenjdk-8.jdk/Contents/Home/jre/lib/resources.jar:/Library/Java/JavaVirtualMachines/adoptopenjdk-8.jdk/Contents/Home/jre/lib/rt.jar:/Library/Java/JavaVirtualMachines/adoptopenjdk-8.jdk/Contents/Home/jre/lib/sunrsasign.jar:/Library/Java/JavaVirtualMachines/adoptopenjdk-8.jdk/Contents/Home/jre/lib/jsse.jar:/Library/Java/JavaVirtualMachines/adoptopenjdk-8.jdk/Contents/Home/jre/lib/jce.jar:/Library/Java/JavaVirtualMachines/adoptopenjdk-8.jdk/Contents/Home/jre/lib/charsets.jar:/Library/Java/JavaVirtualMachines/adoptopenjdk-8.jdk/Contents/Home/jre/lib/jfr.jar:/Library/Java/JavaVirtualMachines/adoptopenjdk-8.jdk/Contents/Home/jre/classes"/>
    <property name="sun.management.compiler" value="HotSpot 64-Bit Tiered Compilers"/>
    <property name="ftp.nonProxyHosts" value="local|*.local|169.254/16|*.169.254/16"/>
    <property name="java.runtime.version" value="1.8.0_252-b09"/>
    <property name="user.name" value="samgladson"/>
    <property name="path.separator" value=":"/>
    <property name="os.version" value="10.15.5"/>
    <property name="java.endorsed.dirs" value="/Library/Java/JavaVirtualMachines/adoptopenjdk-8.jdk/Contents/Home/jre/lib/endorsed"/>
    <property name="java.runtime.name" value="OpenJDK Runtime Environment"/>
    <property name="file.encoding" value="UTF-8"/>
    <property name="java.vm.name" value="OpenJDK 64-Bit Server VM"/>
    <property name="localRepository" value="/Users/samgladson/.m2/repository"/>
    <property name="cucumber.options" value="--plugin io.qameta.allure.cucumber4jvm.AllureCucumber4Jvm"/>
    <property name="java.vendor.url.bug" value="http://bugreport.sun.com/bugreport/"/>
    <property name="java.io.tmpdir" value="/var/folders/gk/52l1zf594gs3kygxrrkks8xr0000gn/T/"/>
    <property name="java.version" value="1.8.0_252"/>
    <property name="user.dir" value="/Users/samgladson/Downloads/CucumberFramework"/>
    <property name="os.arch" value="x86_64"/>
    <property name="java.vm.specification.name" value="Java Virtual Machine Specification"/>
    <property name="java.awt.printerjob" value="sun.lwawt.macosx.CPrinterJob"/>
    <property name="sun.os.patch.level" value="unknown"/>
    <property name="java.library.path" value="/Users/samgladson/Library/Java/Extensions:/Library/Java/Extensions:/Network/Library/Java/Extensions:/System/Library/Java/Extensions:/usr/lib/java:."/>
    <property name="java.vm.info" value="mixed mode"/>
    <property name="java.vendor" value="AdoptOpenJDK"/>
    <property name="java.vm.version" value="25.252-b09"/>
    <property name="java.ext.dirs" value="/Users/samgladson/Library/Java/Extensions:/Library/Java/JavaVirtualMachines/adoptopenjdk-8.jdk/Contents/Home/jre/lib/ext:/Library/Java/Extensions:/Network/Library/Java/Extensions:/System/Library/Java/Extensions:/usr/lib/java"/>
    <property name="sun.io.unicode.encoding" value="UnicodeBig"/>
    <property name="java.class.version" value="52.0"/>
    <property name="socksNonProxyHosts" value="local|*.local|169.254/16|*.169.254/16"/>
  </properties>
  <testcase name="Verify home page details are filled" classname="Fill Homepage Details" time="28.989">
    <failure type="org.opentest4j.MultipleFailuresError"><![CDATA[org.opentest4j.MultipleFailuresError: 
Multiple Failures (2 failures)
	org.openqa.selenium.NoSuchWindowException: no such window: window was already closed
  (Session info: chrome=84.0.4147.135)
Build info: version: '3.141.59', revision: 'e82be7d358', time: '2018-11-14T08:17:03'
System info: host: 'ip-192-168-1-8.eu-west-1.compute.internal', ip: 'fe80:0:0:0:492:28de:7756:4ac7%en0', os.name: 'Mac OS X', os.arch: 'x86_64', os.version: '10.15.5', java.version: '1.8.0_252'
Driver info: org.openqa.selenium.chrome.ChromeDriver
Capabilities {acceptInsecureCerts: false, browserName: chrome, browserVersion: 84.0.4147.135, chrome: {chromedriverVersion: 83.0.4103.39 (ccbf011cb2d2b..., userDataDir: /var/folders/gk/52l1zf594gs...}, goog:chromeOptions: {debuggerAddress: localhost:58135}, javascriptEnabled: true, networkConnectionEnabled: false, pageLoadStrategy: normal, platform: MAC, platformName: MAC, proxy: Proxy(), setWindowRect: true, strictFileInteractability: false, timeouts: {implicit: 0, pageLoad: 300000, script: 30000}, unhandledPromptBehavior: dismiss and notify, webauthn:virtualAuthenticators: true}
Session ID: 54f15b0b5f96e177b89c915edc810c1c
	org.openqa.selenium.NoSuchWindowException: no such window: target window already closed
from unknown error: web view not found
  (Session info: chrome=84.0.4147.135)
Build info: version: '3.141.59', revision: 'e82be7d358', time: '2018-11-14T08:17:03'
System info: host: 'ip-192-168-1-8.eu-west-1.compute.internal', ip: 'fe80:0:0:0:492:28de:7756:4ac7%en0', os.name: 'Mac OS X', os.arch: 'x86_64', os.version: '10.15.5', java.version: '1.8.0_252'
Driver info: org.openqa.selenium.chrome.ChromeDriver
Capabilities {acceptInsecureCerts: false, browserName: chrome, browserVersion: 84.0.4147.135, chrome: {chromedriverVersion: 83.0.4103.39 (ccbf011cb2d2b..., userDataDir: /var/folders/gk/52l1zf594gs...}, goog:chromeOptions: {debuggerAddress: localhost:58135}, javascriptEnabled: true, networkConnectionEnabled: false, pageLoadStrategy: normal, platform: MAC, platformName: MAC, proxy: Proxy(), setWindowRect: true, strictFileInteractability: false, timeouts: {implicit: 0, pageLoad: 300000, script: 30000}, unhandledPromptBehavior: dismiss and notify, webauthn:virtualAuthenticators: true}
Session ID: 54f15b0b5f96e177b89c915edc810c1c
]]></failure>
    <system-out><![CDATA[
@tag @tag1
Scenario: Verify home page details are filled   &amp#27;[90m# first.feature:6&amp#27;[0m
/Users/samgladson/Downloads/CucumberFramework
Browser for execution is: chrome
  &amp#27;[31mGiven &amp#27;[0m&amp#27;[31mEnd user is in the home page of Goibibo&amp#27;[0m &amp#27;[90m# com.wipro.witaas.Goibibo.Goibibo_workflow.end_user_is_in_the_home_page_of_goibibo()&amp#27;[0m
      &amp#27;[31morg.openqa.selenium.NoSuchWindowException: no such window: window was already closed
  (Session info: chrome=84.0.4147.135)
Build info: version: '3.141.59', revision: 'e82be7d358', time: '2018-11-14T08:17:03'
System info: host: 'ip-192-168-1-8.eu-west-1.compute.internal', ip: 'fe80:0:0:0:492:28de:7756:4ac7%en0', os.name: 'Mac OS X', os.arch: 'x86_64', os.version: '10.15.5', java.version: '1.8.0_252'
Driver info: org.openqa.selenium.chrome.ChromeDriver
Capabilities {acceptInsecureCerts: false, browserName: chrome, browserVersion: 84.0.4147.135, chrome: {chromedriverVersion: 83.0.4103.39 (ccbf011cb2d2b..., userDataDir: /var/folders/gk/52l1zf594gs...}, goog:chromeOptions: {debuggerAddress: localhost:58135}, javascriptEnabled: true, networkConnectionEnabled: false, pageLoadStrategy: normal, platform: MAC, platformName: MAC, proxy: Proxy(), setWindowRect: true, strictFileInteractability: false, timeouts: {implicit: 0, pageLoad: 300000, script: 30000}, unhandledPromptBehavior: dismiss and notify, webauthn:virtualAuthenticators: true}
Session ID: 54f15b0b5f96e177b89c915edc810c1c
	at sun.reflect.NativeConstructorAccessorImpl.newInstance0(Native Method)
	at sun.reflect.NativeConstructorAccessorImpl.newInstance(NativeConstructorAccessorImpl.java:62)
	at sun.reflect.DelegatingConstructorAccessorImpl.newInstance(DelegatingConstructorAccessorImpl.java:45)
	at java.lang.reflect.Constructor.newInstance(Constructor.java:423)
	at org.openqa.selenium.remote.http.W3CHttpResponseCodec.createException(W3CHttpResponseCodec.java:187)
	at org.openqa.selenium.remote.http.W3CHttpResponseCodec.decode(W3CHttpResponseCodec.java:122)
	at org.openqa.selenium.remote.http.W3CHttpResponseCodec.decode(W3CHttpResponseCodec.java:49)
	at org.openqa.selenium.remote.HttpCommandExecutor.execute(HttpCommandExecutor.java:158)
	at org.openqa.selenium.remote.service.DriverCommandExecutor.execute(DriverCommandExecutor.java:83)
	at org.openqa.selenium.remote.RemoteWebDriver.execute(RemoteWebDriver.java:552)
	at org.openqa.selenium.remote.RemoteWebDriver.get(RemoteWebDriver.java:277)
	at com.wipro.witaas.Goibibo.Goibibo_workflow.end_user_is_in_the_home_page_of_goibibo(Goibibo_workflow.java:42)
	at ✽.End user is in the home page of Goibibo(classpath:first.feature:7)
&amp#27;[0m
  &amp#27;[36mWhen &amp#27;[0m&amp#27;[36mEnd user fill all the data&amp#27;[0m               &amp#27;[90m# com.wipro.witaas.Goibibo.Goibibo_workflow.end_user_fill_all_the_data()&amp#27;[0m
  &amp#27;[36mThen &amp#27;[0m&amp#27;[36mEnd user should fill all the details&amp#27;[0m     &amp#27;[90m# com.wipro.witaas.Goibibo.Goibibo_workflow.end_user_should_fill_all_the_details()&amp#27;[0m
      &amp#27;[31morg.openqa.selenium.NoSuchWindowException: no such window: target window already closed
from unknown error: web view not found
  (Session info: chrome=84.0.4147.135)
Build info: version: '3.141.59', revision: 'e82be7d358', time: '2018-11-14T08:17:03'
System info: host: 'ip-192-168-1-8.eu-west-1.compute.internal', ip: 'fe80:0:0:0:492:28de:7756:4ac7%en0', os.name: 'Mac OS X', os.arch: 'x86_64', os.version: '10.15.5', java.version: '1.8.0_252'
Driver info: org.openqa.selenium.chrome.ChromeDriver
Capabilities {acceptInsecureCerts: false, browserName: chrome, browserVersion: 84.0.4147.135, chrome: {chromedriverVersion: 83.0.4103.39 (ccbf011cb2d2b..., userDataDir: /var/folders/gk/52l1zf594gs...}, goog:chromeOptions: {debuggerAddress: localhost:58135}, javascriptEnabled: true, networkConnectionEnabled: false, pageLoadStrategy: normal, platform: MAC, platformName: MAC, proxy: Proxy(), setWindowRect: true, strictFileInteractability: false, timeouts: {implicit: 0, pageLoad: 300000, script: 30000}, unhandledPromptBehavior: dismiss and notify, webauthn:virtualAuthenticators: true}
Session ID: 54f15b0b5f96e177b89c915edc810c1c
	at sun.reflect.NativeConstructorAccessorImpl.newInstance0(Native Method)
	at sun.reflect.NativeConstructorAccessorImpl.newInstance(NativeConstructorAccessorImpl.java:62)
	at sun.reflect.DelegatingConstructorAccessorImpl.newInstance(DelegatingConstructorAccessorImpl.java:45)
	at java.lang.reflect.Constructor.newInstance(Constructor.java:423)
	at org.openqa.selenium.remote.http.W3CHttpResponseCodec.createException(W3CHttpResponseCodec.java:187)
	at org.openqa.selenium.remote.http.W3CHttpResponseCodec.decode(W3CHttpResponseCodec.java:122)
	at org.openqa.selenium.remote.http.W3CHttpResponseCodec.decode(W3CHttpResponseCodec.java:49)
	at org.openqa.selenium.remote.HttpCommandExecutor.execute(HttpCommandExecutor.java:158)
	at org.openqa.selenium.remote.service.DriverCommandExecutor.execute(DriverCommandExecutor.java:83)
	at org.openqa.selenium.remote.RemoteWebDriver.execute(RemoteWebDriver.java:552)
	at org.openqa.selenium.remote.RemoteWebDriver.execute(RemoteWebDriver.java:609)
	at org.openqa.selenium.remote.RemoteWebDriver.close(RemoteWebDriver.java:442)
	at com.wipro.witaas.Goibibo.Goibibo_workflow.teardown(Goibibo_workflow.java:126)
&amp#27;[0m
]]></system-out>
    <system-err><![CDATA[Starting ChromeDriver 83.0.4103.39 (ccbf011cb2d2b19b506d844400483861342c20cd-refs/branch-heads/4103@{#416}) on port 8102
Only local connections are a[l15l9o8w4e0d8.2
P35le.a7s9e9] s[WeAe RhNtINtpG]s:: //FcrohrmSoomcekdrAidvderr .fcahilreodm iounm. onretgm/saesck
u[r1i5t9y8-c40o8ns2i35de.r7atio9ns9 ]fo[rWA sRNugIgNGes]t: iFornsom Soonc kkeAeddpri nfga Cihlerdom eoDnr inevetrma sks
a[f1e5.9
8C4h0r82om35eD.7r9i9ve][r WwAaRsN INstGa]:r teFdr osmuScocecssfully.k
Addr failed on netmask
[1598408244.238][WARNING]: This version of ChromeDriver has not been tested with Chrome version 84.
Aug 26, 2020 7:47:25 AM org.openqa.selenium.remote.ProtocolHandshake createSession
INFO: Detected dialect: W3C
1406 [main] ERROR io.qameta.allure.AllureLifecycle - Could not update test case: no test case running
]]></system-err>
  </testcase>
</testsuite>